\BOOKMARK [1][-]{section.1}{Rot13}{}% 1
\BOOKMARK [2][-]{subsection.1.1}{Brief}{section.1}% 2
\BOOKMARK [2][-]{subsection.1.2}{Planning and Design}{section.1}% 3
\BOOKMARK [3][-]{subsubsection.1.2.1}{Defining behaviour}{subsection.1.2}% 4
\BOOKMARK [3][-]{subsubsection.1.2.2}{Approach}{subsection.1.2}% 5
\BOOKMARK [3][-]{subsubsection.1.2.3}{Technical Requirements}{subsection.1.2}% 6
\BOOKMARK [2][-]{subsection.1.3}{Implementation}{section.1}% 7
\BOOKMARK [3][-]{subsubsection.1.3.1}{Rot.fs}{subsection.1.3}% 8
\BOOKMARK [3][-]{subsubsection.1.3.2}{File.fs}{subsection.1.3}% 9
\BOOKMARK [3][-]{subsubsection.1.3.3}{Main.fs}{subsection.1.3}% 10
\BOOKMARK [2][-]{subsection.1.4}{Solution Analysis}{section.1}% 11
\BOOKMARK [1][-]{section.2}{Pangram}{}% 12
\BOOKMARK [2][-]{subsection.2.1}{Brief}{section.2}% 13
\BOOKMARK [2][-]{subsection.2.2}{Planning and Design}{section.2}% 14
\BOOKMARK [3][-]{subsubsection.2.2.1}{Defining behaviour}{subsection.2.2}% 15
\BOOKMARK [3][-]{subsubsection.2.2.2}{Approach}{subsection.2.2}% 16
\BOOKMARK [3][-]{subsubsection.2.2.3}{Technical Requirements}{subsection.2.2}% 17
\BOOKMARK [2][-]{subsection.2.3}{Implementation}{section.2}% 18
\BOOKMARK [3][-]{subsubsection.2.3.1}{Pangram.fs}{subsection.2.3}% 19
\BOOKMARK [2][-]{subsection.2.4}{File.fs}{section.2}% 20
\BOOKMARK [2][-]{subsection.2.5}{Main.fs}{section.2}% 21
\BOOKMARK [2][-]{subsection.2.6}{Solution Analysis}{section.2}% 22
\BOOKMARK [1][-]{section.3}{Essay}{}% 23
